<?xml version="1.0" encoding="UTF-8"?>
<!-- Generated by org.testng.reporters.JUnitXMLReporter -->
<testsuite ignored="0" hostname="vyrazu66-ThinkCentre-M70t" failures="2" tests="23" name="Different testng Features Test" time="23.994" errors="0" timestamp="2023-07-24T11:59:21 IST">
  <testcase classname="Testng.ExceptionTimeOutTest" name="infiniteloopTest" time="0.007">
    <failure type="org.testng.TestException" message="
Expected exception of type class java.lang.NumberFormatException but got org.testng.internal.thread.ThreadTimeoutException: Method Testng.ExceptionTimeOutTest.infiniteloopTest() didn&amp;apos;t finish within the time-out 2">
      <![CDATA[org.testng.TestException: 
at java.base/java.util.ArrayList.forEach(ArrayList.java:1511)
... 22 more
... Removed 29 stack frames]]>
    </failure>
  </testcase> <!-- infiniteloopTest -->
  <testcase classname="Testng.ExceptionTimeOutTest" name="test1" time="0.003"/>
  <testcase classname="Testng.FacebookTest" name="test_title" time="0.006"/>
  <testcase classname="Testng.FacebookTest" name="googleLogotest" time="0.042"/>
  <testcase classname="Testng.FacebookTest" name="Linktest" time="0.032"/>
  <testcase classname="Testng.FacebookTest" name="test4" time="0.001"/>
  <testcase classname="Testng.FacebookTest" name="test5" time="0.001"/>
  <testcase classname="Testng.FacebookTest" name="test6" time="0.001"/>
  <testcase classname="Testng.GoogletitleTest" name="test_title" time="0.007">
    <failure type="java.lang.AssertionError" message="title is not matched expected [Google789] but found [Google]">
      <![CDATA[java.lang.AssertionError: title is not matched expected [Google789] but found [Google]
at Testng.GoogletitleTest.test_title(GoogletitleTest.java:34)
at java.base/java.util.ArrayList.forEach(ArrayList.java:1511)
... Removed 32 stack frames]]>
    </failure>
  </testcase> <!-- test_title -->
  <testcase classname="Testng.InvocationCountTest" name="sum" time="0.001"/>
  <testcase classname="Testng.InvocationCountTest" name="sum" time="0.001"/>
  <testcase classname="Testng.InvocationCountTest" name="sum" time="0.001"/>
  <testcase classname="Testng.InvocationCountTest" name="sum" time="0.001"/>
  <testcase classname="Testng.InvocationCountTest" name="sum" time="0.001"/>
  <testcase classname="Testng.InvocationCountTest" name="sum" time="0.001"/>
  <testcase classname="Testng.InvocationCountTest" name="sum" time="0.001"/>
  <testcase classname="Testng.InvocationCountTest" name="sum" time="0.001"/>
  <testcase classname="Testng.InvocationCountTest" name="sum" time="0.001"/>
  <testcase classname="Testng.InvocationCountTest" name="sum" time="0.0"/>
  <testcase classname="Testng.TestNgFeatures" name="loginTest" time="0.0"/>
  <testcase classname="Testng.TestNgFeatures" name="HomePageTest" time="0.0"/>
  <testcase classname="Testng.TestNgFeatures" name="RegistationPage" time="0.001"/>
  <testcase classname="Testng.TestNgFeatures" name="searchpageTest" time="0.0"/>
</testsuite> <!-- Different testng Features Test -->
