<?xml version="1.0" encoding="UTF-8"?>
<!-- Generated by org.testng.reporters.JUnitXMLReporter -->
<testsuite ignored="0" hostname="vyrazu66-ThinkCentre-M70t" failures="0" tests="3" name="Default test" time="37.487" errors="0" timestamp="2023-08-07T18:33:57 IST">
  <testcase classname="com.crm.qa.base.TestBase" name="initialization" time="14.073"/>
  <testcase classname="com.crm.qa.testcases.LoginPageTest" name="loginPageTitleTest" time="0.009"/>
  <testcase classname="com.crm.qa.testcases.LoginPageTest" name="loginTest" time="0.178"/>
</testsuite> <!-- Default test -->
