<?xml version="1.0" encoding="UTF-8"?>
<testng-results ignored="0" total="1" passed="1" failed="0" skipped="0">
  <reporter-output>
  </reporter-output>
  <suite started-at="2023-10-12T16:45:06 IST" name="Default suite" finished-at="2023-10-12T16:45:14 IST" duration-ms="7972">
    <groups>
    </groups>
    <test started-at="2023-10-12T16:45:06 IST" name="Default test" finished-at="2023-10-12T16:45:14 IST" duration-ms="7972">
      <class name="com.dev.addby.base.TestBase">
        <test-method signature="initialization()[pri:0, instance:com.dev.addby.base.TestBase@2ed2d9cb]" started-at="2023-10-12T16:45:06 IST" name="initialization" finished-at="2023-10-12T16:45:14 IST" duration-ms="7519" status="PASS">
          <reporter-output>
          </reporter-output>
        </test-method> <!-- initialization -->
      </class> <!-- com.dev.addby.base.TestBase -->
    </test> <!-- Default test -->
  </suite> <!-- Default suite -->
</testng-results>
