<?xml version="1.0" encoding="UTF-8"?>
<testng-results ignored="0" total="2" passed="2" failed="0" skipped="0">
  <reporter-output>
  </reporter-output>
  <suite started-at="2023-07-27T13:33:50 IST" name="Dataprovider from excel to hereko" finished-at="2023-07-27T13:34:03 IST" duration-ms="13115">
    <groups>
    </groups>
    <test started-at="2023-07-27T13:33:50 IST" name="DataProviderInternetHereku" finished-at="2023-07-27T13:34:03 IST" duration-ms="13115">
      <class name="dataDrivertohereku.GetDataFromExcel">
        <test-method is-config="true" signature="setup()[pri:0, instance:dataDrivertohereku.GetDataFromExcel@47faa49c]" started-at="2023-07-27T13:33:50 IST" name="setup" finished-at="2023-07-27T13:33:56 IST" duration-ms="5845" status="PASS">
          <reporter-output>
          </reporter-output>
        </test-method> <!-- setup -->
        <test-method signature="signIn(java.lang.String,java.lang.String)[pri:0, instance:dataDrivertohereku.GetDataFromExcel@47faa49c]" started-at="2023-07-27T13:33:56 IST" name="signIn" data-provider="excel-data" finished-at="2023-07-27T13:33:57 IST" duration-ms="982" status="PASS">
          <params>
            <param index="0">
              <value>
                <![CDATA[ram789]]>
              </value>
            </param>
            <param index="1">
              <value>
                <![CDATA[789456rm]]>
              </value>
            </param>
          </params>
          <reporter-output>
          </reporter-output>
        </test-method> <!-- signIn -->
        <test-method is-config="true" signature="teardown()[pri:0, instance:dataDrivertohereku.GetDataFromExcel@47faa49c]" started-at="2023-07-27T13:33:57 IST" name="teardown" finished-at="2023-07-27T13:33:57 IST" duration-ms="103" status="PASS">
          <reporter-output>
          </reporter-output>
        </test-method> <!-- teardown -->
        <test-method is-config="true" signature="setup()[pri:0, instance:dataDrivertohereku.GetDataFromExcel@47faa49c]" started-at="2023-07-27T13:33:57 IST" name="setup" finished-at="2023-07-27T13:34:02 IST" duration-ms="4726" status="PASS">
          <reporter-output>
          </reporter-output>
        </test-method> <!-- setup -->
        <test-method signature="signIn(java.lang.String,java.lang.String)[pri:0, instance:dataDrivertohereku.GetDataFromExcel@47faa49c]" started-at="2023-07-27T13:34:02 IST" name="signIn" data-provider="excel-data" finished-at="2023-07-27T13:34:03 IST" duration-ms="1034" status="PASS">
          <params>
            <param index="0">
              <value>
                <![CDATA[sam785]]>
              </value>
            </param>
            <param index="1">
              <value>
                <![CDATA[789456pou]]>
              </value>
            </param>
          </params>
          <reporter-output>
          </reporter-output>
        </test-method> <!-- signIn -->
        <test-method is-config="true" signature="teardown()[pri:0, instance:dataDrivertohereku.GetDataFromExcel@47faa49c]" started-at="2023-07-27T13:34:03 IST" name="teardown" finished-at="2023-07-27T13:34:03 IST" duration-ms="106" status="PASS">
          <reporter-output>
          </reporter-output>
        </test-method> <!-- teardown -->
      </class> <!-- dataDrivertohereku.GetDataFromExcel -->
    </test> <!-- DataProviderInternetHereku -->
  </suite> <!-- Dataprovider from excel to hereko -->
</testng-results>
