<?xml version="1.0" encoding="UTF-8"?>
<!-- Generated by org.testng.reporters.JUnitXMLReporter -->
<testsuite ignored="0" hostname="vyrazu66-ThinkCentre-M70t" failures="1" tests="1" name="Parameterized_Test" time="0.02" errors="0" timestamp="2023-07-24T12:12:12 IST">
  <testcase classname="dataDrivenFromXml.ParameterrizeTest" name="DatapullFromTextng" time="0.0">
    <failure type="org.testng.TestNGException" message="
Parameter &amp;apos;emailId&amp;apos; is required by @Test on method DatapullFromTextng but has not been marked @Optional or defined
in /home/vyrazu-66/Documents/Syseclipse/Naveenautomtestng/src/test/java/testngData.xml">
      <![CDATA[org.testng.TestNGException: 
Parameter 'emailId' is required by @Test on method DatapullFromTextng but has not been marked @Optional or defined
in /home/vyrazu-66/Documents/Syseclipse/Naveenautomtestng/src/test/java/testngData.xml
at java.base/java.util.ArrayList.forEach(ArrayList.java:1511)
... Removed 26 stack frames]]>
    </failure>
  </testcase> <!-- DatapullFromTextng -->
</testsuite> <!-- Parameterized_Test -->
